Started GET "/" for ::1 at 2021-07-13 17:29:41 +0900
Started GET "/" for ::1 at 2021-07-13 17:29:41 +0900
Started GET "/" for ::1 at 2021-07-13 17:34:00 +0900
Processing by Rails::WelcomeController#index as HTML
  Rendering C:/Ruby26-x64/lib/ruby/gems/2.6.0/gems/railties-5.2.6/lib/rails/templates/rails/welcome/index.html.erb
  Rendered C:/Ruby26-x64/lib/ruby/gems/2.6.0/gems/railties-5.2.6/lib/rails/templates/rails/welcome/index.html.erb (71.2ms)
Completed 200 OK in 275ms (Views: 224.0ms | ActiveRecord: 0.0ms)


Started GET "/" for ::1 at 2021-07-13 17:39:41 +0900
Processing by Rails::WelcomeController#index as HTML
  Rendering C:/Ruby26-x64/lib/ruby/gems/2.6.0/gems/railties-5.2.6/lib/rails/templates/rails/welcome/index.html.erb
  Rendered C:/Ruby26-x64/lib/ruby/gems/2.6.0/gems/railties-5.2.6/lib/rails/templates/rails/welcome/index.html.erb (3.8ms)
Completed 200 OK in 14ms (Views: 9.3ms | ActiveRecord: 0.0ms)


Started GET "/" for ::1 at 2021-07-13 17:41:38 +0900
Processing by Rails::WelcomeController#index as HTML
  Rendering C:/Ruby26-x64/lib/ruby/gems/2.6.0/gems/railties-5.2.6/lib/rails/templates/rails/welcome/index.html.erb
  Rendered C:/Ruby26-x64/lib/ruby/gems/2.6.0/gems/railties-5.2.6/lib/rails/templates/rails/welcome/index.html.erb (4.1ms)
Completed 200 OK in 24ms (Views: 13.8ms | ActiveRecord: 0.0ms)


Started GET "/home" for ::1 at 2021-07-13 17:41:51 +0900
  
ActionController::RoutingError (No route matches [GET] "/home"):
  
actionpack (5.2.6) lib/action_dispatch/middleware/debug_exceptions.rb:65:in `call'
web-console (3.7.0) lib/web_console/middleware.rb:135:in `call_app'
web-console (3.7.0) lib/web_console/middleware.rb:30:in `block in call'
web-console (3.7.0) lib/web_console/middleware.rb:20:in `catch'
web-console (3.7.0) lib/web_console/middleware.rb:20:in `call'
actionpack (5.2.6) lib/action_dispatch/middleware/show_exceptions.rb:33:in `call'
railties (5.2.6) lib/rails/rack/logger.rb:38:in `call_app'
railties (5.2.6) lib/rails/rack/logger.rb:26:in `block in call'
activesupport (5.2.6) lib/active_support/tagged_logging.rb:71:in `block in tagged'
activesupport (5.2.6) lib/active_support/tagged_logging.rb:28:in `tagged'
activesupport (5.2.6) lib/active_support/tagged_logging.rb:71:in `tagged'
railties (5.2.6) lib/rails/rack/logger.rb:26:in `call'
sprockets-rails (3.2.2) lib/sprockets/rails/quiet_assets.rb:13:in `call'
actionpack (5.2.6) lib/action_dispatch/middleware/remote_ip.rb:81:in `call'
actionpack (5.2.6) lib/action_dispatch/middleware/request_id.rb:27:in `call'
rack (2.2.3) lib/rack/method_override.rb:24:in `call'
rack (2.2.3) lib/rack/runtime.rb:22:in `call'
activesupport (5.2.6) lib/active_support/cache/strategy/local_cache_middleware.rb:29:in `call'
actionpack (5.2.6) lib/action_dispatch/middleware/executor.rb:14:in `call'
actionpack (5.2.6) lib/action_dispatch/middleware/static.rb:127:in `call'
rack (2.2.3) lib/rack/sendfile.rb:110:in `call'
railties (5.2.6) lib/rails/engine.rb:524:in `call'
puma (3.12.6) lib/puma/configuration.rb:227:in `call'
puma (3.12.6) lib/puma/server.rb:706:in `handle_request'
puma (3.12.6) lib/puma/server.rb:476:in `process_client'
puma (3.12.6) lib/puma/server.rb:334:in `block in run'
puma (3.12.6) lib/puma/thread_pool.rb:135:in `block in spawn_thread'
Started GET "/home/top" for ::1 at 2021-07-13 17:42:16 +0900
Processing by HomeController#top as HTML
  Rendering home/top.html.erb within layouts/application
  Rendered home/top.html.erb within layouts/application (1.0ms)
Completed 200 OK in 1801ms (Views: 1796.6ms | ActiveRecord: 0.0ms)


Started GET "/home/top" for ::1 at 2021-07-13 17:43:35 +0900
Processing by HomeController#top as HTML
  Rendering home/top.html.erb within layouts/application
  Rendered home/top.html.erb within layouts/application (0.6ms)
Completed 200 OK in 242ms (Views: 223.6ms | ActiveRecord: 0.0ms)


Started GET "/home/top" for ::1 at 2021-07-13 17:44:15 +0900
Processing by HomeController#top as HTML
  Rendering home/top.html.erb within layouts/application
  Rendered home/top.html.erb within layouts/application (0.5ms)
Completed 500 Internal Server Error in 99ms (ActiveRecord: 0.0ms)


  
ActionView::Template::Error (Invalid CSS after "    border-bottom": expected ";", was ":3px solid black;"):
     5:     <%= csrf_meta_tags %>
     6:     <%= csp_meta_tag %>
     7: 
     8:     <%= stylesheet_link_tag    'application', media: 'all', 'data-turbolinks-track': 'reload' %>
     9:     <%= javascript_include_tag 'application', 'data-turbolinks-track': 'reload' %>
    10:   </head>
    11: 
  
app/assets/stylesheets/home.scss:6
app/views/layouts/application.html.erb:8:in `_app_views_layouts_application_html_erb__982225453_1210436942700'
Started GET "/home/top" for ::1 at 2021-07-13 17:45:05 +0900
Processing by HomeController#top as HTML
  Rendering home/top.html.erb within layouts/application
  Rendered home/top.html.erb within layouts/application (0.4ms)
Completed 200 OK in 219ms (Views: 215.0ms | ActiveRecord: 0.0ms)


Started GET "/home/top" for ::1 at 2021-07-13 17:45:18 +0900
Processing by HomeController#top as HTML
  Rendering home/top.html.erb within layouts/application
  Rendered home/top.html.erb within layouts/application (0.4ms)
Completed 200 OK in 206ms (Views: 200.6ms | ActiveRecord: 0.0ms)


Started GET "/home/top" for ::1 at 2021-07-13 17:47:02 +0900
Processing by HomeController#top as HTML
  Rendering home/top.html.erb within layouts/application
  Rendered home/top.html.erb within layouts/application (1.0ms)
Completed 200 OK in 217ms (Views: 213.0ms | ActiveRecord: 0.0ms)


Started GET "/home/top" for ::1 at 2021-07-13 17:48:20 +0900
Processing by HomeController#top as HTML
  Rendering home/top.html.erb within layouts/application
  Rendered home/top.html.erb within layouts/application (0.6ms)
Completed 200 OK in 222ms (Views: 208.9ms | ActiveRecord: 0.0ms)


Started GET "/home/top" for ::1 at 2021-07-13 17:48:31 +0900
Processing by HomeController#top as HTML
  Rendering home/top.html.erb within layouts/application
  Rendered home/top.html.erb within layouts/application (0.4ms)
Completed 200 OK in 208ms (Views: 201.0ms | ActiveRecord: 0.0ms)


Started GET "/home/top" for ::1 at 2021-07-13 17:48:55 +0900
Processing by HomeController#top as HTML
  Rendering home/top.html.erb within layouts/application
  Rendered home/top.html.erb within layouts/application (0.4ms)
Completed 200 OK in 232ms (Views: 228.3ms | ActiveRecord: 0.0ms)


Started GET "/home/top" for ::1 at 2021-07-13 17:49:19 +0900
Processing by HomeController#top as HTML
  Rendering home/top.html.erb within layouts/application
  Rendered home/top.html.erb within layouts/application (0.6ms)
Completed 200 OK in 269ms (Views: 254.3ms | ActiveRecord: 0.0ms)


Started GET "/home/top" for ::1 at 2021-07-13 17:49:41 +0900
Processing by HomeController#top as HTML
  Rendering home/top.html.erb within layouts/application
  Rendered home/top.html.erb within layouts/application (0.4ms)
Completed 200 OK in 227ms (Views: 220.4ms | ActiveRecord: 0.0ms)


Started GET "/home/top" for ::1 at 2021-07-13 17:49:54 +0900
Processing by HomeController#top as HTML
  Rendering home/top.html.erb within layouts/application
  Rendered home/top.html.erb within layouts/application (0.5ms)
Completed 200 OK in 246ms (Views: 238.8ms | ActiveRecord: 0.0ms)


Started GET "/home/top" for ::1 at 2021-07-13 17:49:54 +0900
Processing by HomeController#top as HTML
  Rendering home/top.html.erb within layouts/application
  Rendered home/top.html.erb within layouts/application (0.4ms)
Completed 200 OK in 67ms (Views: 62.8ms | ActiveRecord: 0.0ms)


Started GET "/home/top" for ::1 at 2021-07-13 17:50:04 +0900
Processing by HomeController#top as HTML
  Rendering home/top.html.erb within layouts/application
  Rendered home/top.html.erb within layouts/application (0.4ms)
Completed 200 OK in 235ms (Views: 231.4ms | ActiveRecord: 0.0ms)


Started GET "/home/top" for ::1 at 2021-07-13 17:50:10 +0900
Processing by HomeController#top as HTML
  Rendering home/top.html.erb within layouts/application
  Rendered home/top.html.erb within layouts/application (0.4ms)
Completed 200 OK in 239ms (Views: 235.1ms | ActiveRecord: 0.0ms)


